<?xml version="1.0" encoding="UTF-8"?>
<testsuites name="bun test" tests="2684" assertions="8807" failures="5" skipped="1" time="75.139446">
  <testsuite name="__tests__/api-auth.test.ts" file="__tests__/api-auth.test.ts" tests="42" assertions="118" failures="0" skipped="0" time="0" hostname="Vals-Mac-Pro-3.local">
    <testsuite name="API Authentication" file="__tests__/api-auth.test.ts" line="10" tests="42" assertions="118" failures="0" skipped="0" time="0" hostname="Vals-Mac-Pro-3.local">
      <testsuite name="API Key Generation" file="__tests__/api-auth.test.ts" line="39" tests="3" assertions="8" failures="0" skipped="0" time="0.103" hostname="Vals-Mac-Pro-3.local">
        <testcase name="should generate API key with valid format" classname="API Key Generation &amp;gt; API Authentication" time="0.058463" file="__tests__/api-auth.test.ts" line="40" assertions="6" />
        <testcase name="should reject empty key name" classname="API Key Generation &amp;gt; API Authentication" time="0.000629" file="__tests__/api-auth.test.ts" line="51" assertions="1" />
        <testcase name="should reject duplicate key names" classname="API Key Generation &amp;gt; API Authentication" time="0.045072" file="__tests__/api-auth.test.ts" line="55" assertions="1" />
      </testsuite>
      <testsuite name="API Key Management" file="__tests__/api-auth.test.ts" line="61" tests="3" assertions="11" failures="0" skipped="0" time="0.222" hostname="Vals-Mac-Pro-3.local">
        <testcase name="should list generated API keys" classname="API Key Management &amp;gt; API Authentication" time="0.040771" file="__tests__/api-auth.test.ts" line="62" assertions="4" />
        <testcase name="should disable and enable API keys" classname="API Key Management &amp;gt; API Authentication" time="0.099422" file="__tests__/api-auth.test.ts" line="72" assertions="4" />
        <testcase name="should delete API keys" classname="API Key Management &amp;gt; API Authentication" time="0.083191" file="__tests__/api-auth.test.ts" line="99" assertions="3" />
      </testsuite>
      <testsuite name="Authentication Service" file="__tests__/api-auth.test.ts" line="121" tests="11" assertions="26" failures="0" skipped="0" time="0.23" hostname="Vals-Mac-Pro-3.local">
        <testcase name="should detect authentication disabled when no keys exist" classname="Authentication Service &amp;gt; API Authentication" time="0.000889" file="__tests__/api-auth.test.ts" line="122" assertions="1" />
        <testcase name="should detect authentication enabled when keys exist" classname="Authentication Service &amp;gt; API Authentication" time="0.054802" file="__tests__/api-auth.test.ts" line="126" assertions="1" />
        <testcase name="should validate API key format" classname="Authentication Service &amp;gt; API Authentication" time="0.083628" file="__tests__/api-auth.test.ts" line="131" assertions="2" />
        <testcase name="should reject invalid API keys" classname="Authentication Service &amp;gt; API Authentication" time="0.050455" file="__tests__/api-auth.test.ts" line="155" assertions="2" />
        <testcase name="should extract API key from x-api-key header" classname="Authentication Service &amp;gt; API Authentication" time="0.000802" file="__tests__/api-auth.test.ts" line="167" assertions="1" />
        <testcase name="should extract API key from Authorization Bearer header" classname="Authentication Service &amp;gt; API Authentication" time="0.000921" file="__tests__/api-auth.test.ts" line="176" assertions="1" />
        <testcase name="should exempt dashboard paths from authentication" classname="Authentication Service &amp;gt; API Authentication" time="0.000794" file="__tests__/api-auth.test.ts" line="185" assertions="4" />
        <testcase name="should exempt /api/version/check from authentication" classname="Authentication Service &amp;gt; API Authentication" time="0.000512" file="__tests__/api-auth.test.ts" line="192" assertions="2" />
        <testcase name="should allow /api/version/check without API key when auth is enabled" classname="Authentication Service &amp;gt; API Authentication" time="0.043521" file="__tests__/api-auth.test.ts" line="200" assertions="3" />
        <testcase name="should exempt static assets from authentication" classname="Authentication Service &amp;gt; API Authentication" time="0.000671" file="__tests__/api-auth.test.ts" line="218" assertions="6" />
        <testcase name="should require authentication for API paths" classname="Authentication Service &amp;gt; API Authentication" time="0.00061" file="__tests__/api-auth.test.ts" line="227" assertions="3" />
      </testsuite>
      <testsuite name="RBAC Authorization" file="__tests__/api-auth.test.ts" line="234" tests="3" assertions="12" failures="0" skipped="0" time="0.141" hostname="Vals-Mac-Pro-3.local">
        <testcase name="should allow admin keys to access all endpoints" classname="RBAC Authorization &amp;gt; API Authentication" time="0.040794" file="__tests__/api-auth.test.ts" line="235" assertions="4" />
        <testcase name="should allow api-only keys to access proxy endpoints" classname="RBAC Authorization &amp;gt; API Authentication" time="0.052364" file="__tests__/api-auth.test.ts" line="262" assertions="3" />
        <testcase name="should block api-only keys from dashboard endpoints" classname="RBAC Authorization &amp;gt; API Authentication" time="0.049521" file="__tests__/api-auth.test.ts" line="288" assertions="5" />
      </testsuite>
      <testsuite name="Database Operations" file="__tests__/api-auth.test.ts" line="324" tests="2" assertions="10" failures="0" skipped="0" time="0.178" hostname="Vals-Mac-Pro-3.local">
        <testcase name="should track API key usage statistics" classname="Database Operations &amp;gt; API Authentication" time="0.04045" file="__tests__/api-auth.test.ts" line="325" assertions="4" />
        <testcase name="should count active and total API keys" classname="Database Operations &amp;gt; API Authentication" time="0.138555" file="__tests__/api-auth.test.ts" line="338" assertions="6" />
      </testsuite>
      <testsuite name="Security" file="__tests__/api-auth.test.ts" line="363" tests="6" assertions="24" failures="0" skipped="0" time="0.434" hostname="Vals-Mac-Pro-3.local">
        <testcase name="should hash API keys securely" classname="Security &amp;gt; API Authentication" time="0.225055" file="__tests__/api-auth.test.ts" line="364" assertions="4" />
        <testcase name="should use constant-time comparison to prevent timing attacks" classname="Security &amp;gt; API Authentication" time="0.129717" file="__tests__/api-auth.test.ts" line="384" assertions="2" />
        <testcase name="should reject different length hashes early" classname="Security &amp;gt; API Authentication" time="0.040775" file="__tests__/api-auth.test.ts" line="402" assertions="1" />
        <testcase name="should handle invalid hash format gracefully" classname="Security &amp;gt; API Authentication" time="0.000947" file="__tests__/api-auth.test.ts" line="414" assertions="5" />
        <testcase name="should handle Buffer conversion errors gracefully" classname="Security &amp;gt; API Authentication" time="0.040156" file="__tests__/api-auth.test.ts" line="433" assertions="1" />
        <testcase name="should generate keys with sufficient entropy" classname="Security &amp;gt; API Authentication" time="0.000955" file="__tests__/api-auth.test.ts" line="445" assertions="11" />
      </testsuite>
      <testsuite name="Error Handling" file="__tests__/api-auth.test.ts" line="467" tests="6" assertions="15" failures="0" skipped="0" time="0.438" hostname="Vals-Mac-Pro-3.local">
        <testcase name="should handle missing API key gracefully" classname="Error Handling &amp;gt; API Authentication" time="0.077298" file="__tests__/api-auth.test.ts" line="468" assertions="3" />
        <testcase name="should handle malformed headers gracefully" classname="Error Handling &amp;gt; API Authentication" time="0.000449" file="__tests__/api-auth.test.ts" line="482" assertions="1" />
        <testcase name="should handle invalid key names" classname="Error Handling &amp;gt; API Authentication" time="0.000496" file="__tests__/api-auth.test.ts" line="491" assertions="3" />
        <testcase name="should prevent creating api-only key as first key" classname="Error Handling &amp;gt; API Authentication" time="0.102903" file="__tests__/api-auth.test.ts" line="497" assertions="2" />
        <testcase name="should prevent deleting the last admin key when other keys exist" classname="Error Handling &amp;gt; API Authentication" time="0.111102" file="__tests__/api-auth.test.ts" line="509" assertions="5" />
        <testcase name="should allow deleting the last key when it&apos;s not the last admin" classname="Error Handling &amp;gt; API Authentication" time="0.14849" file="__tests__/api-auth.test.ts" line="539" assertions="1" />
      </testsuite>
      <testsuite name="API Key Role Updates" file="__tests__/api-auth.test.ts" line="555" tests="8" assertions="12" failures="0" skipped="0" time="0.682" hostname="Vals-Mac-Pro-3.local">
        <testcase name="should update API key role from api-only to admin" classname="API Key Role Updates &amp;gt; API Authentication" time="0.080799" file="__tests__/api-auth.test.ts" line="556" assertions="2" />
        <testcase name="should update API key role from admin to api-only when multiple admins exist" classname="API Key Role Updates &amp;gt; API Authentication" time="0.094513" file="__tests__/api-auth.test.ts" line="572" assertions="2" />
        <testcase name="should prevent changing the only admin key to api-only when other keys exist" classname="API Key Role Updates &amp;gt; API Authentication" time="0.131305" file="__tests__/api-auth.test.ts" line="586" assertions="1" />
        <testcase name="should prevent changing the first API key to api-only" classname="API Key Role Updates &amp;gt; API Authentication" time="0.081632" file="__tests__/api-auth.test.ts" line="605" assertions="1" />
        <testcase name="should prevent modifying currently authenticated API key" classname="API Key Role Updates &amp;gt; API Authentication" time="0.087378" file="__tests__/api-auth.test.ts" line="617" assertions="1" />
        <testcase name="should allow updating non-authenticated admin key when multiple admins exist" classname="API Key Role Updates &amp;gt; API Authentication" time="0.118184" file="__tests__/api-auth.test.ts" line="627" assertions="2" />
        <testcase name="should handle role changes between admin and api-only" classname="API Key Role Updates &amp;gt; API Authentication" time="0.091649" file="__tests__/api-auth.test.ts" line="643" assertions="2" />
        <testcase name="should reject updates to non-existent API keys" classname="API Key Role Updates &amp;gt; API Authentication" time="0.000461" file="__tests__/api-auth.test.ts" line="659" assertions="1" />
      </testsuite>
    </testsuite>
  </testsuite>
  <testsuite name="apps/server/src/server.test.ts" file="apps/server/src/server.test.ts" tests="8" assertions="22" failures="0" skipped="0" time="0" hostname="Vals-Mac-Pro-3.local">
    <testsuite name="supportsRefreshBackedUsagePolling" file="apps/server/src/server.test.ts" line="4" tests="2" assertions="6" failures="0" skipped="0" time="0" hostname="Vals-Mac-Pro-3.local">
      <testcase name="includes pollable OAuth providers that need token refresh" classname="supportsRefreshBackedUsagePolling" time="0.000086" file="apps/server/src/server.test.ts" line="5" assertions="2" />
      <testcase name="does not include providers whose usage is not polled through this path" classname="supportsRefreshBackedUsagePolling" time="0.000034" file="apps/server/src/server.test.ts" line="10" assertions="4" />
    </testsuite>
    <testsuite name="readShutdownDrainMs" file="apps/server/src/server.test.ts" line="18" tests="2" assertions="7" failures="0" skipped="0" time="0" hostname="Vals-Mac-Pro-3.local">
      <testcase name="defaults to 60s and parses overrides" classname="readShutdownDrainMs" time="0.000187" file="apps/server/src/server.test.ts" line="21" assertions="4" />
      <testcase name="rejects numeric prefixes and clamps oversized values" classname="readShutdownDrainMs" time="0.000086" file="apps/server/src/server.test.ts" line="33" assertions="3" />
    </testsuite>
    <testsuite name="trackStreamForShutdown" file="apps/server/src/server.test.ts" line="49" tests="4" assertions="9" failures="0" skipped="0" time="0.065" hostname="Vals-Mac-Pro-3.local">
      <testcase name="errors tracked never-ending streams on abort" classname="trackStreamForShutdown" time="0.005362" file="apps/server/src/server.test.ts" line="63" assertions="3" />
      <testcase name="unregisters streams that complete normally" classname="trackStreamForShutdown" time="0.023872" file="apps/server/src/server.test.ts" line="85" assertions="2" />
      <testcase name="passes non-stream responses through untouched" classname="trackStreamForShutdown" time="0.000064" file="apps/server/src/server.test.ts" line="102" assertions="1" />
      <testcase name="resolves abort settlements after source cancellation, not a fixed sleep" classname="trackStreamForShutdown" time="0.0373" file="apps/server/src/server.test.ts" line="107" assertions="3" />
    </testsuite>
  </testsuite>
  <testsuite name="apps/cli/__tests__/cli.test.ts" file="apps/cli/__tests__/cli.test.ts" tests="28" assertions="65" failures="0" skipped="0" time="0" hostname="Vals-Mac-Pro-3.local">
    <testsuite name="CLI Integration Tests" file="apps/cli/__tests__/cli.test.ts" line="70" tests="21" assertions="46" failures="0" skipped="0" time="0" hostname="Vals-Mac-Pro-3.local">
      <testsuite name="Version Command" file="apps/cli/__tests__/cli.test.ts" line="102" tests="3" assertions="6" failures="0" skipped="0" time="2.495" hostname="Vals-Mac-Pro-3.local">
        <testcase name="should display version with --version flag" classname="Version Command &amp;gt; CLI Integration Tests" time="0.934218" file="apps/cli/__tests__/cli.test.ts" line="103" assertions="3" />
        <testcase name="should display version with -v flag" classname="Version Command &amp;gt; CLI Integration Tests" time="0.780028" file="apps/cli/__tests__/cli.test.ts" line="111" assertions="2" />
        <testcase name="should exit quickly for version command" classname="Version Command &amp;gt; CLI Integration Tests" time="0.781638" file="apps/cli/__tests__/cli.test.ts" line="118" assertions="1" />
      </testsuite>
      <testsuite name="Help Command" file="apps/cli/__tests__/cli.test.ts" line="128" tests="6" assertions="18" failures="0" skipped="0" time="5.387" hostname="Vals-Mac-Pro-3.local">
        <testcase name="should display help with --help flag" classname="Help Command &amp;gt; CLI Integration Tests" time="0.828473" file="apps/cli/__tests__/cli.test.ts" line="129" assertions="8" />
        <testcase name="should display help with -h flag" classname="Help Command &amp;gt; CLI Integration Tests" time="0.854874" file="apps/cli/__tests__/cli.test.ts" line="142" assertions="2" />
        <testcase name="should show SSL options in help" classname="Help Command &amp;gt; CLI Integration Tests" time="0.885534" file="apps/cli/__tests__/cli.test.ts" line="149" assertions="2" />
        <testcase name="should show compact option in help" classname="Help Command &amp;gt; CLI Integration Tests" time="0.870231" file="apps/cli/__tests__/cli.test.ts" line="156" assertions="1" />
        <testcase name="should show account mode options" classname="Help Command &amp;gt; CLI Integration Tests" time="1.041476" file="apps/cli/__tests__/cli.test.ts" line="162" assertions="4" />
        <testcase name="should exit quickly for help command" classname="Help Command &amp;gt; CLI Integration Tests" time="0.909806" file="apps/cli/__tests__/cli.test.ts" line="171" assertions="1" />
      </testsuite>
      <testsuite name="SSL Certificate Validation" file="apps/cli/__tests__/cli.test.ts" line="181" tests="3" assertions="6" failures="0" skipped="0" time="2.907" hostname="Vals-Mac-Pro-3.local">
        <testcase name="should accept valid SSL certificate paths" classname="SSL Certificate Validation &amp;gt; CLI Integration Tests" time="1.102171" file="apps/cli/__tests__/cli.test.ts" line="182" assertions="2" />
        <testcase name="should reject non-existent SSL key file" classname="SSL Certificate Validation &amp;gt; CLI Integration Tests" time="0.890074" file="apps/cli/__tests__/cli.test.ts" line="202" assertions="2" />
        <testcase name="should reject non-existent SSL cert file" classname="SSL Certificate Validation &amp;gt; CLI Integration Tests" time="0.915766" file="apps/cli/__tests__/cli.test.ts" line="216" assertions="2" />
      </testsuite>
      <testsuite name="Add Account Command" file="apps/cli/__tests__/cli.test.ts" line="231" tests="3" assertions="9" failures="0" skipped="0" time="2.798" hostname="Vals-Mac-Pro-3.local">
        <testcase name="should reject add account without required flags" classname="Add Account Command &amp;gt; CLI Integration Tests" time="1.072297" file="apps/cli/__tests__/cli.test.ts" line="232" assertions="4" />
        <testcase name="should show example usage for add account" classname="Add Account Command &amp;gt; CLI Integration Tests" time="0.880403" file="apps/cli/__tests__/cli.test.ts" line="242" assertions="2" />
        <testcase name="should reject invalid mode value" classname="Add Account Command &amp;gt; CLI Integration Tests" time="0.846757" file="apps/cli/__tests__/cli.test.ts" line="256" assertions="3" />
      </testsuite>
      <testsuite name="Argument Parsing" file="apps/cli/__tests__/cli.test.ts" line="273" tests="2" assertions="3" failures="0" skipped="0" time="1.726" hostname="Vals-Mac-Pro-3.local">
        <testcase name="should parse port number correctly" classname="Argument Parsing &amp;gt; CLI Integration Tests" time="0.867462" file="apps/cli/__tests__/cli.test.ts" line="274" assertions="1" />
        <testcase name="should handle multiple flags" classname="Argument Parsing &amp;gt; CLI Integration Tests" time="0.859005" file="apps/cli/__tests__/cli.test.ts" line="281" assertions="2" />
      </testsuite>
      <testsuite name="Error Handling" file="apps/cli/__tests__/cli.test.ts" line="290" tests="2" assertions="2" failures="0" skipped="0" time="1.911" hostname="Vals-Mac-Pro-3.local">
        <testcase name="should handle invalid port gracefully" classname="Error Handling &amp;gt; CLI Integration Tests" time="1.05161" file="apps/cli/__tests__/cli.test.ts" line="291" assertions="1" />
        <testcase name="should handle invalid priority gracefully" classname="Error Handling &amp;gt; CLI Integration Tests" time="0.860387" file="apps/cli/__tests__/cli.test.ts" line="299" assertions="1" />
      </testsuite>
      <testsuite name="Performance" file="apps/cli/__tests__/cli.test.ts" line="314" tests="2" assertions="2" failures="0" skipped="0" time="1.697" hostname="Vals-Mac-Pro-3.local">
        <testcase name="should execute version command quickly (&lt; 1s)" classname="Performance &amp;gt; CLI Integration Tests" time="0.738535" file="apps/cli/__tests__/cli.test.ts" line="315" assertions="1" />
        <testcase name="should execute help command quickly (&lt; 1s)" classname="Performance &amp;gt; CLI Integration Tests" time="0.959589" file="apps/cli/__tests__/cli.test.ts" line="323" assertions="1" />
      </testsuite>
    </testsuite>
    <testsuite name="CLI Argument Parsing Logic" file="apps/cli/__tests__/cli.test.ts" line="336" tests="4" assertions="13" failures="0" skipped="0" time="0" hostname="Vals-Mac-Pro-3.local">
      <testcase name="should parse boolean flags correctly" classname="CLI Argument Parsing Logic" time="0.000153" file="apps/cli/__tests__/cli.test.ts" line="339" assertions="3" />
      <testcase name="should parse flags with values" classname="CLI Argument Parsing Logic" time="0.000069" file="apps/cli/__tests__/cli.test.ts" line="350" assertions="2" />
      <testcase name="should handle flags in any order" classname="CLI Argument Parsing Logic" time="0.00006" file="apps/cli/__tests__/cli.test.ts" line="363" assertions="6" />
      <testcase name="should parse set-priority with two arguments" classname="CLI Argument Parsing Logic" time="0.000039" file="apps/cli/__tests__/cli.test.ts" line="375" assertions="2" />
    </testsuite>
    <testsuite name="CLI Security Tests" file="apps/cli/__tests__/cli.test.ts" line="392" tests="3" assertions="6" failures="0" skipped="0" time="2.865" hostname="Vals-Mac-Pro-3.local">
      <testcase name="should not expose sensitive data in help text" classname="CLI Security Tests" time="1.102212" file="apps/cli/__tests__/cli.test.ts" line="393" assertions="3" />
      <testcase name="should handle path traversal attempts in SSL paths gracefully" classname="CLI Security Tests" time="0.870938" file="apps/cli/__tests__/cli.test.ts" line="403" assertions="2" />
      <testcase name="should sanitize error messages" classname="CLI Security Tests" time="0.893206" file="apps/cli/__tests__/cli.test.ts" line="419" assertions="1" />
    </testsuite>
  </testsuite>
  <testsuite name="packages/database/src/migrations-pg.test.ts" file="packages/database/src/migrations-pg.test.ts" tests="8" assertions="16" failures="0" skipped="1" time="0" hostname="Vals-Mac-Pro-3.local">
    <testsuite name="SQLite &lt;-&gt; PostgreSQL migration schema parity (static)" file="packages/database/src/migrations-pg.test.ts" line="215" tests="7" assertions="16" failures="0" skipped="0" time="0" hostname="Vals-Mac-Pro-3.local">
      <testcase name="extracted a non-trivial inventory from both sides (sanity check)" classname="SQLite &amp;lt;-&amp;gt; PostgreSQL migration schema parity (static)" time="0.000053" file="packages/database/src/migrations-pg.test.ts" line="220" assertions="4" />
      <testcase name="every SQLite table has a matching PostgreSQL table" classname="SQLite &amp;lt;-&amp;gt; PostgreSQL migration schema parity (static)" time="0.000225" file="packages/database/src/migrations-pg.test.ts" line="232" assertions="1" />
      <testcase name="every PostgreSQL table has a matching SQLite table" classname="SQLite &amp;lt;-&amp;gt; PostgreSQL migration schema parity (static)" time="0.000067" file="packages/database/src/migrations-pg.test.ts" line="240" assertions="1" />
      <testcase name="every SQLite column has a matching PostgreSQL column (per table)" classname="SQLite &amp;lt;-&amp;gt; PostgreSQL migration schema parity (static)" time="0.000181" file="packages/database/src/migrations-pg.test.ts" line="249" assertions="1" />
      <testcase name="every PostgreSQL column has a matching SQLite column (per table)" classname="SQLite &amp;lt;-&amp;gt; PostgreSQL migration schema parity (static)" time="0.000125" file="packages/database/src/migrations-pg.test.ts" line="267" assertions="1" />
      <testcase name="spot check: strategies table is present on both backends" classname="SQLite &amp;lt;-&amp;gt; PostgreSQL migration schema parity (static)" time="0.00006" file="packages/database/src/migrations-pg.test.ts" line="285" assertions="4" />
      <testcase name="spot check: newly-ported performance indexes exist in migrations-pg.ts" classname="SQLite &amp;lt;-&amp;gt; PostgreSQL migration schema parity (static)" time="0.000217" file="packages/database/src/migrations-pg.test.ts" line="296" assertions="4" />
    </testsuite>
    <testsuite name="PostgreSQL migrations (live, requires DATABASE_URL)" file="packages/database/src/migrations-pg.test.ts" line="318" tests="1" assertions="0" failures="0" skipped="1" time="0" hostname="Vals-Mac-Pro-3.local">
      <testcase name="ensureSchemaPg + runMigrationsPg complete without throwing and create expected objects" classname="PostgreSQL migrations (live, requires DATABASE_URL)" time="0" file="packages/database/src/migrations-pg.test.ts" line="320" assertions="0">
        <skipped />
      </testcase>
    </testsuite>
  </testsuite>
  <testsuite name="packages/database/src/payload-encryption.test.ts" file="packages/database/src/payload-encryption.test.ts" tests="10" assertions="25" failures="0" skipped="0" time="0" hostname="Vals-Mac-Pro-3.local">
    <testsuite name="payload encryption" file="packages/database/src/payload-encryption.test.ts" line="16" tests="10" assertions="25" failures="0" skipped="0" time="0.029" hostname="Vals-Mac-Pro-3.local">
      <testcase name="passes through plaintext when no key is configured" classname="payload encryption" time="0.001885" file="packages/database/src/payload-encryption.test.ts" line="25" assertions="4" />
      <testcase name="round-trips a payload when a key is configured" classname="payload encryption" time="0.001631" file="packages/database/src/payload-encryption.test.ts" line="38" assertions="5" />
      <testcase name="produces a different ciphertext for the same plaintext (random IV)" classname="payload encryption" time="0.011978" file="packages/database/src/payload-encryption.test.ts" line="54" assertions="3" />
      <testcase name="decrypts pre-encryption plaintext rows transparently" classname="payload encryption" time="0.001154" file="packages/database/src/payload-encryption.test.ts" line="67" assertions="1" />
      <testcase name="rejects a key with the wrong length" classname="payload encryption" time="0.001581" file="packages/database/src/payload-encryption.test.ts" line="78" assertions="2" />
      <testcase name="rejects a key with non-hex characters" classname="payload encryption" time="0.000987" file="packages/database/src/payload-encryption.test.ts" line="86" assertions="1" />
      <testcase name="throws when an encrypted payload is read with no key configured" classname="payload encryption" time="0.001826" file="packages/database/src/payload-encryption.test.ts" line="95" assertions="3" />
      <testcase name="throws on tampered ciphertext (GCM auth tag check)" classname="payload encryption" time="0.012849" file="packages/database/src/payload-encryption.test.ts" line="112" assertions="1" />
      <testcase name="throws on a truncated encrypted payload" classname="payload encryption" time="0.001082" file="packages/database/src/payload-encryption.test.ts" line="127" assertions="1" />
      <testcase name="init is idempotent — concurrent calls share the same promise" classname="payload encryption" time="0.000932" file="packages/database/src/payload-encryption.test.ts" line="138" assertions="4" />
    </testsuite>
  </testsuite>
  <testsuite name="packages/database/src/pause-reason-migration.test.ts" file="packages/database/src/pause-reason-migration.test.ts" tests="7" assertions="15" failures="0" skipped="0" time="0" hostname="Vals-Mac-Pro-3.local">
    <testsuite name="Database migration — pause_reason backfill (issue #139)" file="packages/database/src/pause-reason-migration.test.ts" line="64" tests="7" assertions="15" failures="0" skipped="0" time="0.056" hostname="Vals-Mac-Pro-3.local">
      <testcase name="adds the pause_reason column during migration" classname="Database migration — pause_reason backfill (issue #139)" time="0.012182" file="packages/database/src/pause-reason-migration.test.ts" line="75" assertions="1" />
      <testcase name="backfills paused accounts as manual when auto_pause_on_overage_enabled=1" classname="Database migration — pause_reason backfill (issue #139)" time="0.008345" file="packages/database/src/pause-reason-migration.test.ts" line="86" assertions="2" />
      <testcase name="backfills paused accounts as manual when auto_pause_on_overage_enabled=0" classname="Database migration — pause_reason backfill (issue #139)" time="0.008148" file="packages/database/src/pause-reason-migration.test.ts" line="99" assertions="2" />
      <testcase name="leaves pause_reason=NULL for unpaused accounts" classname="Database migration — pause_reason backfill (issue #139)" time="0.007799" file="packages/database/src/pause-reason-migration.test.ts" line="112" assertions="2" />
      <testcase name="handles mixed accounts in a single migration pass" classname="Database migration — pause_reason backfill (issue #139)" time="0.00699" file="packages/database/src/pause-reason-migration.test.ts" line="125" assertions="4" />
      <testcase name="is idempotent — running migrations twice does not corrupt pause_reason" classname="Database migration — pause_reason backfill (issue #139)" time="0.008837" file="packages/database/src/pause-reason-migration.test.ts" line="146" assertions="2" />
      <testcase name="treats accounts with NULL auto_pause_on_overage_enabled as manual when paused" classname="Database migration — pause_reason backfill (issue #139)" time="0.007864" file="packages/database/src/pause-reason-migration.test.ts" line="160" assertions="2" />
    </testsuite>
  </testsuite>
  <testsuite name="packages/database/src/requires-reauth-migration.test.ts" file="packages/database/src/requires-reauth-migration.test.ts" tests="2" assertions="4" failures="0" skipped="0" time="0" hostname="Vals-Mac-Pro-3.local">
    <testsuite name="requires_reauth migration" file="packages/database/src/requires-reauth-migration.test.ts" line="14" tests="2" assertions="4" failures="0" skipped="0" time="0.037" hostname="Vals-Mac-Pro-3.local">
      <testcase name="creates requires_reauth with a false default for a fresh database" classname="requires_reauth migration" time="0.024084" file="packages/database/src/requires-reauth-migration.test.ts" line="21" assertions="2" />
      <testcase name="adds requires_reauth with a false default to an existing database" classname="requires_reauth migration" time="0.013358" file="packages/database/src/requires-reauth-migration.test.ts" line="43" assertions="2" />
    </testsuite>
  </testsuite>
  <testsuite name="packages/database/src/alerts-migration.test.ts" file="packages/database/src/alerts-migration.test.ts" tests="5" assertions="47" failures="0" skipped="0" time="0" hostname="Vals-Mac-Pro-3.local">
    <testsuite name="Alerts Table Migration (issue #250)" file="packages/database/src/alerts-migration.test.ts" line="21" tests="5" assertions="47" failures="0" skipped="0" time="0.053" hostname="Vals-Mac-Pro-3.local">
      <testcase name="creates the alerts table with expected columns on a fresh database" classname="Alerts Table Migration (issue #250)" time="0.035492" file="packages/database/src/alerts-migration.test.ts" line="32" assertions="13" />
      <testcase name="uses the expected column types and constraints" classname="Alerts Table Migration (issue #250)" time="0.00216" file="packages/database/src/alerts-migration.test.ts" line="48" assertions="11" />
      <testcase name="creates the alerts indexes" classname="Alerts Table Migration (issue #250)" time="0.002396" file="packages/database/src/alerts-migration.test.ts" line="72" assertions="2" />
      <testcase name="adds the alerts table when upgrading an existing pre-alerts database" classname="Alerts Table Migration (issue #250)" time="0.012332" file="packages/database/src/alerts-migration.test.ts" line="86" assertions="13" />
      <testcase name="stores and reads back an alert row with defaults applied" classname="Alerts Table Migration (issue #250)" time="0.00221" file="packages/database/src/alerts-migration.test.ts" line="102" assertions="8" />
    </testsuite>
  </testsuite>
  <testsuite name="packages/database/src/migrations-pg-add-column.test.ts" file="packages/database/src/migrations-pg-add-column.test.ts" tests="5" assertions="6" failures="0" skipped="0" time="0" hostname="Vals-Mac-Pro-3.local">
    <testsuite name="addColumnTolerant" file="packages/database/src/migrations-pg-add-column.test.ts" line="40" tests="5" assertions="6" failures="0" skipped="0" time="0" hostname="Vals-Mac-Pro-3.local">
      <testcase name="succeeds silently when the ALTER TABLE succeeds" classname="addColumnTolerant" time="0.000637" file="packages/database/src/migrations-pg-add-column.test.ts" line="41" assertions="2" />
      <testcase name="tolerates SQLSTATE 42701 (duplicate_column) when the column now exists" classname="addColumnTolerant" time="0.000404" file="packages/database/src/migrations-pg-add-column.test.ts" line="54" assertions="1" />
      <testcase name="rethrows on SQLSTATE 42701 if the column does not actually exist" classname="addColumnTolerant" time="0.000216" file="packages/database/src/migrations-pg-add-column.test.ts" line="65" assertions="1" />
      <testcase name="rethrows on non-duplicate-column errors (e.g. permissions)" classname="addColumnTolerant" time="0.000178" file="packages/database/src/migrations-pg-add-column.test.ts" line="78" assertions="1" />
      <testcase name="rethrows on errors with no SQLSTATE code (e.g. lock timeout)" classname="addColumnTolerant" time="0.000171" file="packages/database/src/migrations-pg-add-column.test.ts" line="90" assertions="1" />
    </testsuite>
  </testsuite>
  <testsuite name="packages/database/src/migrations.test.ts" file="packages/database/src/migrations.test.ts" tests="31" assertions="118" failures="0" skipped="0" time="0" hostname="Vals-Mac-Pro-3.local">
    <testsuite name="Database Migrations - Tier Column Removal" file="packages/database/src/migrations.test.ts" line="8" tests="18" assertions="82" failures="0" skipped="0" time="0.073" hostname="Vals-Mac-Pro-3.local">
      <testcase name="should handle migration when tier columns do not exist" classname="Database Migrations - Tier Column Removal" time="0.026855" file="packages/database/src/migrations.test.ts" line="20" assertions="6" />
      <testcase name="should remove account_tier column from accounts table if it exists" classname="Database Migrations - Tier Column Removal" time="0.01294" file="packages/database/src/migrations.test.ts" line="43" assertions="7" />
      <testcase name="should remove tier column from oauth_sessions table if it exists" classname="Database Migrations - Tier Column Removal" time="0.012904" file="packages/database/src/migrations.test.ts" line="93" assertions="8" />
      <testcase name="should preserve data integrity during tier column removal" classname="Database Migrations - Tier Column Removal" time="0.011281" file="packages/database/src/migrations.test.ts" line="152" assertions="12" />
      <testcase name="should migrate existing &apos;max&apos; mode values to &apos;claude-oauth&apos; in oauth_sessions table" classname="Database Migrations - Tier Column Removal" time="0.012274" file="packages/database/src/migrations.test.ts" line="226" assertions="7" />
      <testsuite name="Rate Limit Audit Trail Migration (issue #178)" file="packages/database/src/migrations.test.ts" line="310" tests="3" assertions="6" failures="0" skipped="0" time="0.043" hostname="Vals-Mac-Pro-3.local">
        <testcase name="adds rate_limited_reason TEXT column to accounts table" classname="Rate Limit Audit Trail Migration (issue #178) &amp;gt; Database Migrations - Tier Column Removal" time="0.012218" file="packages/database/src/migrations.test.ts" line="311" assertions="2" />
        <testcase name="adds rate_limited_at INTEGER column to accounts table" classname="Rate Limit Audit Trail Migration (issue #178) &amp;gt; Database Migrations - Tier Column Removal" time="0.011856" file="packages/database/src/migrations.test.ts" line="325" assertions="2" />
        <testcase name="new columns default to NULL for existing rows" classname="Rate Limit Audit Trail Migration (issue #178) &amp;gt; Database Migrations - Tier Column Removal" time="0.020357" file="packages/database/src/migrations.test.ts" line="339" assertions="2" />
      </testsuite>
      <testsuite name="Agent Model Rewrite Observability (original_model/applied_model)" file="packages/database/src/migrations.test.ts" line="361" tests="3" assertions="10" failures="0" skipped="0" time="0.047" hostname="Vals-Mac-Pro-3.local">
        <testcase name="ensureSchema creates original_model and applied_model TEXT columns on requests" classname="Agent Model Rewrite Observability (original_model/applied_model) &amp;gt; Database Migrations - Tier Column Removal" time="0.004808" file="packages/database/src/migrations.test.ts" line="362" assertions="4" />
        <testcase name="runMigrations adds original_model/applied_model columns idempotently to a pre-existing requests table" classname="Agent Model Rewrite Observability (original_model/applied_model) &amp;gt; Database Migrations - Tier Column Removal" time="0.024375" file="packages/database/src/migrations.test.ts" line="378" assertions="4" />
        <testcase name="new columns default to NULL for existing rows" classname="Agent Model Rewrite Observability (original_model/applied_model) &amp;gt; Database Migrations - Tier Column Removal" time="0.019063" file="packages/database/src/migrations.test.ts" line="414" assertions="2" />
      </testsuite>
      <testsuite name="API Key Storage Migration" file="packages/database/src/migrations.test.ts" line="436" tests="7" assertions="26" failures="0" skipped="0" time="0.151" hostname="Vals-Mac-Pro-3.local">
        <testcase name="should migrate API keys from refresh_token to api_key field for API-key providers" classname="API Key Storage Migration &amp;gt; Database Migrations - Tier Column Removal" time="0.020216" file="packages/database/src/migrations.test.ts" line="437" assertions="8" />
        <testcase name="should clean up duplicate API key storage" classname="API Key Storage Migration &amp;gt; Database Migrations - Tier Column Removal" time="0.017067" file="packages/database/src/migrations.test.ts" line="564" assertions="3" />
        <testcase name="should detect and migrate console accounts with enhanced logic" classname="API Key Storage Migration &amp;gt; Database Migrations - Tier Column Removal" time="0.024423" file="packages/database/src/migrations.test.ts" line="605" assertions="3" />
        <testcase name="should not migrate OAuth accounts that match console detection patterns" classname="API Key Storage Migration &amp;gt; Database Migrations - Tier Column Removal" time="0.027945" file="packages/database/src/migrations.test.ts" line="646" assertions="3" />
        <testcase name="should handle expired OAuth tokens correctly" classname="API Key Storage Migration &amp;gt; Database Migrations - Tier Column Removal" time="0.025037" file="packages/database/src/migrations.test.ts" line="689" assertions="3" />
        <testcase name="should not affect OAuth accounts with valid characteristics" classname="API Key Storage Migration &amp;gt; Database Migrations - Tier Column Removal" time="0.017061" file="packages/database/src/migrations.test.ts" line="733" assertions="3" />
        <testcase name="should preserve OAuth accounts with claude-oauth provider" classname="API Key Storage Migration &amp;gt; Database Migrations - Tier Column Removal" time="0.021482" file="packages/database/src/migrations.test.ts" line="774" assertions="3" />
      </testsuite>
    </testsuite>
    <testsuite name="Database Backup Behavior" file="packages/database/src/migrations.test.ts" line="817" tests="9" assertions="17" failures="0" skipped="0" time="0.744" hostname="Vals-Mac-Pro-3.local">
      <testcase name="should not create backup when dbPath is undefined" classname="Database Backup Behavior" time="0.022101" file="packages/database/src/migrations.test.ts" line="828" assertions="1" />
      <testcase name="should not create backup when dbPath is empty string" classname="Database Backup Behavior" time="0.051961" file="packages/database/src/migrations.test.ts" line="836" assertions="1" />
      <testcase name="should create backup when schema modifications are needed" classname="Database Backup Behavior" time="0.118427" file="packages/database/src/migrations.test.ts" line="848" assertions="2" />
      <testcase name="should prune older backups to BETTER_CCFLARE_MIGRATION_BACKUP_KEEP" classname="Database Backup Behavior" time="0.089997" file="packages/database/src/migrations.test.ts" line="872" assertions="4" />
      <testcase name="should fall back to the default retention for garbled env values" classname="Database Backup Behavior" time="0.098755" file="packages/database/src/migrations.test.ts" line="927" assertions="1" />
      <testcase name="should leave backup files with non-integer suffixes untouched" classname="Database Backup Behavior" time="0.099449" file="packages/database/src/migrations.test.ts" line="969" assertions="3" />
      <testcase name="should leave backups in place when BETTER_CCFLARE_MIGRATION_BACKUP_KEEP=0" classname="Database Backup Behavior" time="0.079632" file="packages/database/src/migrations.test.ts" line="1020" assertions="1" />
      <testcase name="should fall back to the default retention for negative env values" classname="Database Backup Behavior" time="0.111943" file="packages/database/src/migrations.test.ts" line="1055" assertions="1" />
      <testcase name="should NOT create backup when only additive migrations are needed" classname="Database Backup Behavior" time="0.077402" file="packages/database/src/migrations.test.ts" line="1093" assertions="3" />
    </testsuite>
    <testsuite name="Attribution source columns (project_attribution_source / agent_attribution_source)" file="packages/database/src/migrations.test.ts" line="1175" tests="2" assertions="13" failures="0" skipped="0" time="0.059" hostname="Vals-Mac-Pro-3.local">
      <testcase name="fresh SQLite DB has both attribution source columns after schema init + migrations" classname="Attribution source columns (project_attribution_source / agent_attribution_source)" time="0.034486" file="packages/database/src/migrations.test.ts" line="1186" assertions="4" />
      <testcase name="old SQLite DB without the columns gets them added by runMigrations, nullable, with existing rows intact" classname="Attribution source columns (project_attribution_source / agent_attribution_source)" time="0.02543" file="packages/database/src/migrations.test.ts" line="1210" assertions="9" />
    </testsuite>
    <testsuite name="PostgreSQL migration parity — attribution source columns" file="packages/database/src/migrations.test.ts" line="1340" tests="2" assertions="6" failures="0" skipped="0" time="0.01" hostname="Vals-Mac-Pro-3.local">
      <testcase name="ensureSchemaPg&apos;s requests CREATE TABLE includes both attribution source columns" classname="PostgreSQL migration parity — attribution source columns" time="0.010455" file="packages/database/src/migrations.test.ts" line="1347" assertions="3" />
      <testcase name="runMigrationsPg&apos;s columnsToAdd includes both attribution source columns for the requests table" classname="PostgreSQL migration parity — attribution source columns" time="0.000398" file="packages/database/src/migrations.test.ts" line="1361" assertions="3" />
    </testsuite>
  </testsuite>
  <testsuite name="packages/database/src/migrations-dedup-preserving-state.test.ts" file="packages/database/src/migrations-dedup-preserving-state.test.ts" tests="16" assertions="48" failures="0" skipped="0" time="0" hostname="Vals-Mac-Pro-3.local">
    <testsuite name="Database Migrations — non-destructive account dedup" file="packages/database/src/migrations-dedup-preserving-state.test.ts" line="58" tests="16" assertions="48" failures="0" skipped="0" time="0.474" hostname="Vals-Mac-Pro-3.local">
      <testcase name="picks the survivor by most-recent last_used" classname="Database Migrations — non-destructive account dedup" time="0.016097" file="packages/database/src/migrations-dedup-preserving-state.test.ts" line="69" assertions="2" />
      <testcase name="breaks last_used ties by most-recent refresh_token_issued_at" classname="Database Migrations — non-destructive account dedup" time="0.039421" file="packages/database/src/migrations-dedup-preserving-state.test.ts" line="120" assertions="2" />
      <testcase name="breaks refresh_token_issued_at ties by most-recent created_at" classname="Database Migrations — non-destructive account dedup" time="0.024807" file="packages/database/src/migrations-dedup-preserving-state.test.ts" line="163" assertions="2" />
      <testcase name="breaks full-ties (all timestamps NULL) by smallest rowid" classname="Database Migrations — non-destructive account dedup" time="0.033239" file="packages/database/src/migrations-dedup-preserving-state.test.ts" line="187" assertions="2" />
      <testcase name="preserves the freshest OAuth credentials (refresh+access+expires) from any duplicate" classname="Database Migrations — non-destructive account dedup" time="0.024687" file="packages/database/src/migrations-dedup-preserving-state.test.ts" line="212" assertions="4" />
      <testcase name="preserves the survivor&apos;s api_key (API-key providers don&apos;t lose their key)" classname="Database Migrations — non-destructive account dedup" time="0.031705" file="packages/database/src/migrations-dedup-preserving-state.test.ts" line="268" assertions="2" />
      <testcase name="falls back to the discarded row&apos;s api_key when the survivor has none" classname="Database Migrations — non-destructive account dedup" time="0.025779" file="packages/database/src/migrations-dedup-preserving-state.test.ts" line="317" assertions="1" />
      <testcase name="SUMs request_count / total_requests / session_request_count across duplicates" classname="Database Migrations — non-destructive account dedup" time="0.033348" file="packages/database/src/migrations-dedup-preserving-state.test.ts" line="361" assertions="3" />
      <testcase name="MAXes priority / consecutive_rate_limits / paused / requires_reauth" classname="Database Migrations — non-destructive account dedup" time="0.030103" file="packages/database/src/migrations-dedup-preserving-state.test.ts" line="416" assertions="4" />
      <testcase name="repoints combo_slots from discarded ids to the survivor id" classname="Database Migrations — non-destructive account dedup" time="0.026116" file="packages/database/src/migrations-dedup-preserving-state.test.ts" line="475" assertions="3" />
      <testcase name="repoints requests.account_used from discarded ids to the survivor id" classname="Database Migrations — non-destructive account dedup" time="0.0358" file="packages/database/src/migrations-dedup-preserving-state.test.ts" line="534" assertions="1" />
      <testcase name="repoints usage_snapshots.account_id from discarded ids to the survivor id" classname="Database Migrations — non-destructive account dedup" time="0.041007" file="packages/database/src/migrations-dedup-preserving-state.test.ts" line="593" assertions="2" />
      <testcase name="deletes discarded account rows after repointing dependents" classname="Database Migrations — non-destructive account dedup" time="0.046711" file="packages/database/src/migrations-dedup-preserving-state.test.ts" line="648" assertions="4" />
      <testcase name="is a no-op when no duplicate tuples exist" classname="Database Migrations — non-destructive account dedup" time="0.024028" file="packages/database/src/migrations-dedup-preserving-state.test.ts" line="719" assertions="1" />
      <testcase name="adopts config columns held only on a discarded duplicate" classname="Database Migrations — non-destructive account dedup" time="0.025689" file="packages/database/src/migrations-dedup-preserving-state.test.ts" line="746" assertions="7" />
      <testcase name="MAXes the integer-boolean feature flags (enabled on any duplicate wins)" classname="Database Migrations — non-destructive account dedup" time="0.022772" file="packages/database/src/migrations-dedup-preserving-state.test.ts" line="797" assertions="8" />
    </testsuite>
  </testsuite>
  <testsuite name="packages/database/src/migrations-unique-name-provider-endpoint.test.ts" file="packages/database/src/migrations-unique-name-provider-endpoint.test.ts" tests="6" assertions="18" failures="0" skipped="0" time="0" hostname="Vals-Mac-Pro-3.local">
    <testsuite name="Database Migrations — UNIQUE index on (name, provider, COALESCE(custom_endpoint,&apos;&apos;))" file="packages/database/src/migrations-unique-name-provider-endpoint.test.ts" line="37" tests="6" assertions="18" failures="0" skipped="0" time="0.137" hostname="Vals-Mac-Pro-3.local">
      <testcase name="creates the UNIQUE index on a fresh schema with no rows" classname="Database Migrations — UNIQUE index on (name, provider, COALESCE(custom_endpoint,&amp;apos;&amp;apos;))" time="0.025506" file="packages/database/src/migrations-unique-name-provider-endpoint.test.ts" line="48" assertions="3" />
      <testcase name="is idempotent — running runMigrations twice does not throw" classname="Database Migrations — UNIQUE index on (name, provider, COALESCE(custom_endpoint,&amp;apos;&amp;apos;))" time="0.022399" file="packages/database/src/migrations-unique-name-provider-endpoint.test.ts" line="62" assertions="2" />
      <testcase name="collapses pre-existing duplicate rows (one survivor per tuple) and creates the index" classname="Database Migrations — UNIQUE index on (name, provider, COALESCE(custom_endpoint,&amp;apos;&amp;apos;))" time="0.030419" file="packages/database/src/migrations-unique-name-provider-endpoint.test.ts" line="75" assertions="5" />
      <testcase name="rejects a bare INSERT of a tuple that already exists (constraint active)" classname="Database Migrations — UNIQUE index on (name, provider, COALESCE(custom_endpoint,&amp;apos;&amp;apos;))" time="0.020472" file="packages/database/src/migrations-unique-name-provider-endpoint.test.ts" line="149" assertions="4" />
      <testcase name="NEGATIVE CONTROL: CREATE UNIQUE INDEX WITHOUT dedup FAILS on seeded duplicates" classname="Database Migrations — UNIQUE index on (name, provider, COALESCE(custom_endpoint,&amp;apos;&amp;apos;))" time="0.002515" file="packages/database/src/migrations-unique-name-provider-endpoint.test.ts" line="179" assertions="2" />
      <testcase name="treats NULL and &apos;&apos; custom_endpoint as the same tuple" classname="Database Migrations — UNIQUE index on (name, provider, COALESCE(custom_endpoint,&amp;apos;&amp;apos;))" time="0.038903" file="packages/database/src/migrations-unique-name-provider-endpoint.test.ts" line="215" assertions="2" />
    </testsuite>
  </testsuite>
  <testsuite name="packages/core/src/utils.test.ts" file="packages/core/src/utils.test.ts" tests="10" assertions="35" failures="0" skipped="0" time="0" hostname="Vals-Mac-Pro-3.local">
    <testsuite name="Levenshtein Distance Utility" file="packages/core/src/utils.test.ts" line="4" tests="8" assertions="27" failures="0" skipped="0" time="0.004" hostname="Vals-Mac-Pro-3.local">
      <testcase name="should return 0 for identical strings" classname="Levenshtein Distance Utility" time="0.000274" file="packages/core/src/utils.test.ts" line="5" assertions="3" />
      <testcase name="should return length of one string when the other is empty" classname="Levenshtein Distance Utility" time="0.000059" file="packages/core/src/utils.test.ts" line="11" assertions="4" />
      <testcase name="should calculate distance for simple edits" classname="Levenshtein Distance Utility" time="0.00127" file="packages/core/src/utils.test.ts" line="18" assertions="7" />
      <testcase name="should handle case-sensitive comparisons" classname="Levenshtein Distance Utility" time="0.00121" file="packages/core/src/utils.test.ts" line="33" assertions="3" />
      <testcase name="should work with special characters and numbers" classname="Levenshtein Distance Utility" time="0.000189" file="packages/core/src/utils.test.ts" line="39" assertions="4" />
      <testcase name="should return correct distance for completely different strings" classname="Levenshtein Distance Utility" time="0.00023" file="packages/core/src/utils.test.ts" line="46" assertions="2" />
      <testcase name="should handle longer strings correctly" classname="Levenshtein Distance Utility" time="0.002419" file="packages/core/src/utils.test.ts" line="51" assertions="2" />
      <testcase name="should be symmetric (distance from a to b equals distance from b to a)" classname="Levenshtein Distance Utility" time="0.000104" file="packages/core/src/utils.test.ts" line="61" assertions="2" />
    </testsuite>
    <testsuite name="Levenshtein Distance in CLI Context" file="packages/core/src/utils.test.ts" line="71" tests="2" assertions="8" failures="0" skipped="0" time="0" hostname="Vals-Mac-Pro-3.local">
      <testcase name="should work for CLI mode suggestions" classname="Levenshtein Distance in CLI Context" time="0.000101" file="packages/core/src/utils.test.ts" line="72" assertions="4" />
      <testcase name="should detect typos within threshold for CLI suggestions" classname="Levenshtein Distance in CLI Context" time="0.000116" file="packages/core/src/utils.test.ts" line="80" assertions="4" />
    </testsuite>
  </testsuite>
  <testsuite name="packages/core/src/outbound-proxy.test.ts" file="packages/core/src/outbound-proxy.test.ts" tests="5" assertions="0" failures="5" skipped="0" time="0" hostname="Vals-Mac-Pro-3.local">
    <testsuite name="outbound-proxy" file="packages/core/src/outbound-proxy.test.ts" line="35" tests="5" assertions="0" failures="5" skipped="0" time="0.001" hostname="Vals-Mac-Pro-3.local">
      <testcase name="routes external requests through the resolved proxy" classname="outbound-proxy" time="0.001667" file="packages/core/src/outbound-proxy.test.ts" line="45" assertions="0">
        <failure type="AssertionError" />
      </testcase>
      <testcase name="excludes loopback destinations from proxying" classname="outbound-proxy" time="0.000535" file="packages/core/src/outbound-proxy.test.ts" line="59" assertions="0">
        <failure type="AssertionError" />
      </testcase>
      <testcase name="excludes any 127.0.0.0/8 address from proxying" classname="outbound-proxy" time="0.000515" file="packages/core/src/outbound-proxy.test.ts" line="85" assertions="0">
        <failure type="AssertionError" />
      </testcase>
      <testcase name="is a no-op when the resolver returns undefined" classname="outbound-proxy" time="0.000368" file="packages/core/src/outbound-proxy.test.ts" line="103" assertions="0">
        <failure type="AssertionError" />
      </testcase>
      <testcase name="never overrides a caller-supplied proxy option" classname="outbound-proxy" time="0.000502" file="packages/core/src/outbound-proxy.test.ts" line="123" assertions="0">
        <failure type="AssertionError" />
      </testcase>
    </testsuite>
  </testsuite>
  <testsuite name="packages/core/src/strategy-requires-reauth.test.ts" file="packages/core/src/strategy-requires-reauth.test.ts" tests="2" assertions="2" failures="0" skipped="0" time="0" hostname="Vals-Mac-Pro-3.local">
    <testsuite name="isAccountAvailable requires_reauth" file="packages/core/src/strategy-requires-reauth.test.ts" line="13" tests="2" assertions="2" failures="0" skipped="0" time="0" hostname="Vals-Mac-Pro-3.local">
      <testcase name="excludes an account that requires manual authentication" classname="isAccountAvailable requires_reauth" time="0.000144" file="packages/core/src/strategy-requires-reauth.test.ts" line="14" assertions="1" />
      <testcase name="keeps an otherwise healthy account available" classname="isAccountAvailable requires_reauth" time="0.000029" file="packages/core/src/strategy-requires-reauth.test.ts" line="18" assertions="1" />
    </testsuite>
  </testsuite>
  <testsuite name="packages/core/src/version.test.ts" file="packages/core/src/version.test.ts" tests="17" assertions="18" failures="0" skipped="0" time="0" hostname="Vals-Mac-Pro-3.local">
    <testsuite name="extractClaudeVersion" file="packages/core/src/version.test.ts" line="8" tests="13" assertions="13" failures="0" skipped="0" time="0.004" hostname="Vals-Mac-Pro-3.local">
      <testcase name="should extract version from standard claude-cli user-agent" classname="extractClaudeVersion" time="0.004669" file="packages/core/src/version.test.ts" line="9" assertions="1" />
      <testcase name="should extract version from newer claude-cli user-agent" classname="extractClaudeVersion" time="0.00013" file="packages/core/src/version.test.ts" line="14" assertions="1" />
      <testcase name="should extract version with prerelease metadata" classname="extractClaudeVersion" time="0.000032" file="packages/core/src/version.test.ts" line="19" assertions="1" />
      <testcase name="should extract version with build metadata" classname="extractClaudeVersion" time="0.000028" file="packages/core/src/version.test.ts" line="24" assertions="1" />
      <testcase name="should extract version with both prerelease and build metadata" classname="extractClaudeVersion" time="0.000018" file="packages/core/src/version.test.ts" line="29" assertions="1" />
      <testcase name="should handle case-insensitive matching" classname="extractClaudeVersion" time="0.000019" file="packages/core/src/version.test.ts" line="34" assertions="1" />
      <testcase name="should return null for non-claude-cli user-agent" classname="extractClaudeVersion" time="0.000018" file="packages/core/src/version.test.ts" line="39" assertions="1" />
      <testcase name="should return null for null user-agent" classname="extractClaudeVersion" time="0.000015" file="packages/core/src/version.test.ts" line="44" assertions="1" />
      <testcase name="should return null for empty string" classname="extractClaudeVersion" time="0.000014" file="packages/core/src/version.test.ts" line="48" assertions="1" />
      <testcase name="should return null for malformed version" classname="extractClaudeVersion" time="0.000015" file="packages/core/src/version.test.ts" line="52" assertions="1" />
      <testcase name="should extract version when embedded in longer user-agent string" classname="extractClaudeVersion" time="0.000017" file="packages/core/src/version.test.ts" line="57" assertions="1" />
      <testcase name="should handle version without suffix text" classname="extractClaudeVersion" time="0.000015" file="packages/core/src/version.test.ts" line="63" assertions="1" />
      <testcase name="should extract first occurrence if multiple versions present" classname="extractClaudeVersion" time="0.000015" file="packages/core/src/version.test.ts" line="68" assertions="1" />
    </testsuite>
    <testsuite name="trackClientVersion and getClientVersion" file="packages/core/src/version.test.ts" line="74" tests="4" assertions="5" failures="0" skipped="0" time="0" hostname="Vals-Mac-Pro-3.local">
      <testcase name="should track and return client version" classname="trackClientVersion and getClientVersion" time="0.000067" file="packages/core/src/version.test.ts" line="75" assertions="1" />
      <testcase name="should update to newer client version" classname="trackClientVersion and getClientVersion" time="0.00003" file="packages/core/src/version.test.ts" line="80" assertions="2" />
      <testcase name="should ignore non-claude-cli user-agents" classname="trackClientVersion and getClientVersion" time="0.000026" file="packages/core/src/version.test.ts" line="88" assertions="1" />
      <testcase name="should handle null user-agent gracefully" classname="trackClientVersion and getClientVersion" time="0.000024" file="packages/core/src/version.test.ts" line="96" assertions="1" />
    </testsuite>
  </testsuite>
  <testsuite name="packages/core/src/model-mappings.test.ts" file="packages/core/src/model-mappings.test.ts" tests="17" assertions="50" failures="0" skipped="0" time="0" hostname="Vals-Mac-Pro-3.local">
    <testsuite name="Model Mapping" file="packages/core/src/model-mappings.test.ts" line="11" tests="8" assertions="23" failures="0" skipped="0" time="0.007" hostname="Vals-Mac-Pro-3.local">
      <testcase name="parseModelMappings handles valid JSON" classname="Model Mapping" time="0.007151" file="packages/core/src/model-mappings.test.ts" line="12" assertions="1" />
      <testcase name="parseModelMappings handles invalid JSON" classname="Model Mapping" time="0.000639" file="packages/core/src/model-mappings.test.ts" line="27" assertions="1" />
      <testcase name="parseModelMappings handles null/empty" classname="Model Mapping" time="0.000045" file="packages/core/src/model-mappings.test.ts" line="32" assertions="2" />
      <testcase name="mapModelName uses direct pattern matching" classname="Model Mapping" time="0.000586" file="packages/core/src/model-mappings.test.ts" line="37" assertions="6" />
      <testcase name="real database mappings work correctly" classname="Model Mapping" time="0.000111" file="packages/core/src/model-mappings.test.ts" line="79" assertions="4" />
      <testcase name="mapModelName passes through original model when no mappings configured" classname="Model Mapping" time="0.000065" file="packages/core/src/model-mappings.test.ts" line="122" assertions="3" />
      <testcase name="mapModelName handles case insensitive pattern matching correctly" classname="Model Mapping" time="0.000079" file="packages/core/src/model-mappings.test.ts" line="149" assertions="3" />
      <testcase name="mapModelName passes through unmapped model when only sonnet is configured (regression: no implicit sonnet catch-all)" classname="Model Mapping" time="0.000082" file="packages/core/src/model-mappings.test.ts" line="184" assertions="3" />
    </testsuite>
    <testsuite name="Model Validation Utilities" file="packages/core/src/model-mappings.test.ts" line="222" tests="9" assertions="27" failures="0" skipped="0" time="0" hostname="Vals-Mac-Pro-3.local">
      <testcase name="getModelFamily detects opus models" classname="Model Validation Utilities" time="0.000035" file="packages/core/src/model-mappings.test.ts" line="223" assertions="3" />
      <testcase name="getModelFamily detects sonnet models" classname="Model Validation Utilities" time="0.000027" file="packages/core/src/model-mappings.test.ts" line="229" assertions="2" />
      <testcase name="getModelFamily detects haiku models" classname="Model Validation Utilities" time="0.000024" file="packages/core/src/model-mappings.test.ts" line="234" assertions="2" />
      <testcase name="getModelFamily detects fable models" classname="Model Validation Utilities" time="0.000028" file="packages/core/src/model-mappings.test.ts" line="239" assertions="3" />
      <testcase name="getModelFamily returns null for invalid models" classname="Model Validation Utilities" time="0.000049" file="packages/core/src/model-mappings.test.ts" line="245" assertions="3" />
      <testcase name="isValidClaudeModel accepts valid patterns" classname="Model Validation Utilities" time="0.000068" file="packages/core/src/model-mappings.test.ts" line="251" assertions="5" />
      <testcase name="isValidClaudeModel rejects invalid patterns" classname="Model Validation Utilities" time="0.000035" file="packages/core/src/model-mappings.test.ts" line="259" assertions="3" />
      <testcase name="getAllowedModelsMessage returns user-friendly error" classname="Model Validation Utilities" time="0.000056" file="packages/core/src/model-mappings.test.ts" line="265" assertions="4" />
      <testcase name="mapModelName maps fable family via family mapping" classname="Model Validation Utilities" time="0.00012" file="packages/core/src/model-mappings.test.ts" line="273" assertions="2" />
    </testsuite>
  </testsuite>
  <testsuite name="packages/core/src/throttle-utils.test.ts" file="packages/core/src/throttle-utils.test.ts" tests="6" assertions="14" failures="0" skipped="0" time="0" hostname="Vals-Mac-Pro-3.local">
    <testsuite name="computeWindowStartMs" file="packages/core/src/throttle-utils.test.ts" line="12" tests="6" assertions="14" failures="0" skipped="0" time="0.006" hostname="Vals-Mac-Pro-3.local">
      <testcase name="computes start for explicitly-listed fixed windows" classname="computeWindowStartMs" time="0.006497" file="packages/core/src/throttle-utils.test.ts" line="13" assertions="6" />
      <testcase name="treats any unlisted seven_day_* tier as a 7-day window (Fable + future tiers)" classname="computeWindowStartMs" time="0.000115" file="packages/core/src/throttle-utils.test.ts" line="26" assertions="2" />
      <testcase name="stays generic — no per-tier fable entry added to the duration table" classname="computeWindowStartMs" time="0.000027" file="packages/core/src/throttle-utils.test.ts" line="35" assertions="1" />
      <testcase name="computes monthly start from the preceding month&apos;s actual duration" classname="computeWindowStartMs" time="0.000109" file="packages/core/src/throttle-utils.test.ts" line="39" assertions="1" />
      <testcase name="returns null for unknown non-weekly windows" classname="computeWindowStartMs" time="0.000033" file="packages/core/src/throttle-utils.test.ts" line="48" assertions="2" />
      <testcase name="returns null for non-finite resetMs" classname="computeWindowStartMs" time="0.00003" file="packages/core/src/throttle-utils.test.ts" line="54" assertions="2" />
    </testsuite>
  </testsuite>
  <testsuite name="packages/core/src/pricing.test.ts" file="packages/core/src/pricing.test.ts" tests="15" assertions="29" failures="0" skipped="0" time="0" hostname="Vals-Mac-Pro-3.local">
    <testsuite name="models.dev pricing" file="packages/core/src/pricing.test.ts" line="25" tests="2" assertions="3" failures="0" skipped="0" time="0.003" hostname="Vals-Mac-Pro-3.local">
      <testcase name="shares one cold models.dev fetch across concurrent estimates" classname="models.dev pricing" time="0.003823" file="packages/core/src/pricing.test.ts" line="48" assertions="1" />
      <testcase name="passes an AbortSignal to the models.dev fetch and falls back to bundled pricing on abort" classname="models.dev pricing" time="0.00088" file="packages/core/src/pricing.test.ts" line="83" assertions="2" />
    </testsuite>
    <testsuite name="NanoGPT Pricing" file="packages/core/src/pricing.test.ts" line="111" tests="8" assertions="17" failures="0" skipped="0" time="0.015" hostname="Vals-Mac-Pro-3.local">
      <testcase name="should fetch NanoGPT pricing data successfully" classname="NanoGPT Pricing" time="0.000406" file="packages/core/src/pricing.test.ts" line="131" assertions="4" />
      <testcase name="should handle fetch errors gracefully" classname="NanoGPT Pricing" time="0.000324" file="packages/core/src/pricing.test.ts" line="174" assertions="2" />
      <testcase name="should cache and reuse pricing data" classname="NanoGPT Pricing" time="0.000297" file="packages/core/src/pricing.test.ts" line="186" assertions="3" />
      <testcase name="should refresh cache after expiration" classname="NanoGPT Pricing" time="0.000292" file="packages/core/src/pricing.test.ts" line="219" assertions="2" />
      <testcase name="should initialize and run periodic refresh" classname="NanoGPT Pricing" time="0.000359" file="packages/core/src/pricing.test.ts" line="277" assertions="1" />
      <testcase name="should calculate cost correctly for nanogpt models" classname="NanoGPT Pricing" time="0.015902" file="packages/core/src/pricing.test.ts" line="310" assertions="1" />
      <testcase name="should initialize NanoGPT pricing when NanoGPT accounts exist" classname="NanoGPT Pricing" time="0.000506" file="packages/core/src/pricing.test.ts" line="356" assertions="2" />
      <testcase name="should not initialize NanoGPT pricing when no NanoGPT accounts exist" classname="NanoGPT Pricing" time="0.000206" file="packages/core/src/pricing.test.ts" line="382" assertions="2" />
    </testsuite>
    <testsuite name="getModelRates" file="packages/core/src/pricing.test.ts" line="409" tests="5" assertions="9" failures="0" skipped="0" time="0.008" hostname="Vals-Mac-Pro-3.local">
      <testcase name="should return full rates for a bundled model with cache pricing" classname="getModelRates" time="0.000922" file="packages/core/src/pricing.test.ts" line="433" assertions="1" />
      <testcase name="should return null for an unknown model without throwing" classname="getModelRates" time="0.00766" file="packages/core/src/pricing.test.ts" line="444" assertions="1" />
      <testcase name="should return null cache rates for a bundled model without cache pricing" classname="getModelRates" time="0.00167" file="packages/core/src/pricing.test.ts" line="450" assertions="1" />
      <testcase name="should return null and warn when the catalogue has malformed cost data" classname="getModelRates" time="0.000666" file="packages/core/src/pricing.test.ts" line="461" assertions="2" />
      <testcase name="should still warn when estimateCostUSD warned first for the same model" classname="getModelRates" time="0.000903" file="packages/core/src/pricing.test.ts" line="495" assertions="4" />
    </testsuite>
  </testsuite>
  <testsuite name="packages/core/src/constants.test.ts" file="packages/core/src/constants.test.ts" tests="5" assertions="16" failures="0" skipped="0" time="0" hostname="Vals-Mac-Pro-3.local">
    <testsuite name="duration env overrides" file="packages/core/src/constants.test.ts" line="35" tests="5" assertions="16" failures="0" skipped="0" time="0.009" hostname="Vals-Mac-Pro-3.local">
      <testcase name="honors a valid positive override" classname="duration env overrides" time="0.009769" file="packages/core/src/constants.test.ts" line="36" assertions="3" />
      <testcase name="falls back to the default when the variable is unset or unparseable" classname="duration env overrides" time="0.000133" file="packages/core/src/constants.test.ts" line="45" assertions="3" />
      <testcase name="rejects negative durations" classname="duration env overrides" time="0.000165" file="packages/core/src/constants.test.ts" line="62" assertions="4" />
      <testcase name="rejects non-finite durations" classname="duration env overrides" time="0.000073" file="packages/core/src/constants.test.ts" line="79" assertions="4" />
      <testcase name="keeps the with-reset cap finite so min(resetTime, cap) still clamps" classname="duration env overrides" time="0.000045" file="packages/core/src/constants.test.ts" line="97" assertions="2" />
    </testsuite>
  </testsuite>
  <testsuite name="packages/logger/src/file-writer.test.ts" file="packages/logger/src/file-writer.test.ts" tests="7" assertions="26" failures="0" skipped="0" time="0" hostname="Vals-Mac-Pro-3.local">
    <testsuite name="LogFileWriter.write — non-serializable payloads" file="packages/logger/src/file-writer.test.ts" line="9" tests="4" assertions="20" failures="0" skipped="0" time="0.083" hostname="Vals-Mac-Pro-3.local">
      <testcase name="does not throw and preserves ts/level/msg for a circular data reference" classname="LogFileWriter.write — non-serializable payloads" time="0.028011" file="packages/logger/src/file-writer.test.ts" line="46" assertions="6" />
      <testcase name="does not throw and preserves ts/level/msg for a BigInt in data" classname="LogFileWriter.write — non-serializable payloads" time="0.015485" file="packages/logger/src/file-writer.test.ts" line="66" assertions="6" />
      <testcase name="does not throw when the thrown error itself is not stringifiable" classname="LogFileWriter.write — non-serializable payloads" time="0.029833" file="packages/logger/src/file-writer.test.ts" line="84" assertions="6" />
      <testcase name="leaves normal serializable events byte-identical" classname="LogFileWriter.write — non-serializable payloads" time="0.011385" file="packages/logger/src/file-writer.test.ts" line="113" assertions="2" />
    </testsuite>
    <testsuite name="Logger.error — non-serializable data does not crash the caller" file="packages/logger/src/file-writer.test.ts" line="134" tests="3" assertions="6" failures="0" skipped="0" time="0.004" hostname="Vals-Mac-Pro-3.local">
      <testcase name="does not throw when logging a circular-reference payload" classname="Logger.error — non-serializable data does not crash the caller" time="0.004388" file="packages/logger/src/file-writer.test.ts" line="149" assertions="2" />
      <testcase name="does not throw when logging a BigInt payload" classname="Logger.error — non-serializable data does not crash the caller" time="0.000225" file="packages/logger/src/file-writer.test.ts" line="158" assertions="2" />
      <testcase name="does not throw when the thrown error itself is not stringifiable" classname="Logger.error — non-serializable data does not crash the caller" time="0.000328" file="packages/logger/src/file-writer.test.ts" line="165" assertions="2" />
    </testsuite>
  </testsuite>
  <testsuite name="packages/logger/src/logger.test.ts" file="packages/logger/src/logger.test.ts" tests="14" assertions="24" failures="0" skipped="0" time="0" hostname="Vals-Mac-Pro-3.local">
    <testsuite name="Logger error serialization" file="packages/logger/src/logger.test.ts" line="5" tests="6" assertions="12" failures="0" skipped="0" time="0" hostname="Vals-Mac-Pro-3.local">
      <testcase name="emits Error name, message, and stack as plain object data" classname="Logger error serialization" time="0.000357" file="packages/logger/src/logger.test.ts" line="25" assertions="4" />
      <testcase name="survives JSON.stringify roundtrip (the file writer&apos;s actual path)" classname="Logger error serialization" time="0.000136" file="packages/logger/src/logger.test.ts" line="41" assertions="1" />
      <testcase name="recursively serializes Error.cause" classname="Logger error serialization" time="0.000172" file="packages/logger/src/logger.test.ts" line="50" assertions="1" />
      <testcase name="preserves non-Error data unchanged" classname="Logger error serialization" time="0.00006" file="packages/logger/src/logger.test.ts" line="60" assertions="1" />
      <testcase name="preserves Error serialization across all log levels (roundtrip)" classname="Logger error serialization" time="0.00022" file="packages/logger/src/logger.test.ts" line="67" assertions="4" />
      <testcase name="omits data when no second argument is passed" classname="Logger error serialization" time="0.000057" file="packages/logger/src/logger.test.ts" line="82" assertions="1" />
    </testsuite>
    <testsuite name="Logger env LOG_LEVEL handling" file="packages/logger/src/logger.test.ts" line="89" tests="7" assertions="9" failures="0" skipped="0" time="0" hostname="Vals-Mac-Pro-3.local">
      <testcase name="defaults to INFO when LOG_LEVEL is unset" classname="Logger env LOG_LEVEL handling" time="0.000101" file="packages/logger/src/logger.test.ts" line="101" assertions="1" />
      <testcase name="respects LOG_LEVEL=DEBUG (regression: || vs ?? on LogLevel.DEBUG === 0)" classname="Logger env LOG_LEVEL handling" time="0.000036" file="packages/logger/src/logger.test.ts" line="105" assertions="1" />
      <testcase name="respects LOG_LEVEL=WARN" classname="Logger env LOG_LEVEL handling" time="0.000036" file="packages/logger/src/logger.test.ts" line="110" assertions="1" />
      <testcase name="respects LOG_LEVEL=ERROR" classname="Logger env LOG_LEVEL handling" time="0.000027" file="packages/logger/src/logger.test.ts" line="115" assertions="1" />
      <testcase name="ignores unknown LOG_LEVEL values and falls back to constructor default" classname="Logger env LOG_LEVEL handling" time="0.000034" file="packages/logger/src/logger.test.ts" line="120" assertions="1" />
      <testcase name="emits debug() output to console when LOG_LEVEL=DEBUG (silentConsole side-effect)" classname="Logger env LOG_LEVEL handling" time="0.000156" file="packages/logger/src/logger.test.ts" line="125" assertions="3" />
      <testcase name="suppresses debug() console output by default (LOG_LEVEL unset)" classname="Logger env LOG_LEVEL handling" time="0.00007" file="packages/logger/src/logger.test.ts" line="138" assertions="1" />
    </testsuite>
    <testsuite name="setConsoleLogging override" file="packages/logger/src/logger.test.ts" line="149" tests="1" assertions="3" failures="0" skipped="0" time="0" hostname="Vals-Mac-Pro-3.local">
      <testcase name="silences console by default outside debug mode, override restores it" classname="setConsoleLogging override" time="0.000172" file="packages/logger/src/logger.test.ts" line="159" assertions="3" />
    </testsuite>
  </testsuite>
  <testsuite name="packages/config/src/usage-throttling-env.test.ts" file="packages/config/src/usage-throttling-env.test.ts" tests="2" assertions="4" failures="0" skipped="0" time="0" hostname="Vals-Mac-Pro-3.local">
    <testsuite name="usage throttling env flags" file="packages/config/src/usage-throttling-env.test.ts" line="27" tests="2" assertions="4" failures="0" skipped="0" time="0.015" hostname="Vals-Mac-Pro-3.local">
      <testcase name="treats non-true granular env values as disabled" classname="usage throttling env flags" time="0.015222" file="packages/config/src/usage-throttling-env.test.ts" line="35" assertions="2" />
      <testcase name="still enables throttling for explicit true values" classname="usage throttling env flags" time="0.000879" file="packages/config/src/usage-throttling-env.test.ts" line="48" assertions="2" />
    </testsuite>
  </testsuite>
  <testsuite name="packages/config/src/usage-history-retention.test.ts" file="packages/config/src/usage-history-retention.test.ts" tests="2" assertions="2" failures="0" skipped="0" time="0" hostname="Vals-Mac-Pro-3.local">
    <testsuite name="getUsageHistoryRetentionDays" file="packages/config/src/usage-history-retention.test.ts" line="15" tests="2" assertions="2" failures="0" skipped="0" time="0.01" hostname="Vals-Mac-Pro-3.local">
      <testcase name="defaults to 90 when no env or file override" classname="getUsageHistoryRetentionDays" time="0.010118" file="packages/config/src/usage-history-retention.test.ts" line="25" assertions="1" />
      <testcase name="reads and clamps the env override" classname="getUsageHistoryRetentionDays" time="0.000898" file="packages/config/src/usage-history-retention.test.ts" line="34" assertions="1" />
    </testsuite>
  </testsuite>
  <testsuite name="packages/config/src/strategy-source.test.ts" file="packages/config/src/strategy-source.test.ts" tests="9" assertions="16" failures="0" skipped="0" time="0" hostname="Vals-Mac-Pro-3.local">
    <testsuite name="getStrategy / getStrategySource" file="packages/config/src/strategy-source.test.ts" line="38" tests="9" assertions="16" failures="0" skipped="0" time="0.007" hostname="Vals-Mac-Pro-3.local">
      <testcase name="reports source &apos;file&apos; for a freshly created config (loadConfig eagerly seeds lb_strategy)" classname="getStrategy / getStrategySource" time="0.00153" file="packages/config/src/strategy-source.test.ts" line="53" assertions="2" />
      <testcase name="reports source &apos;default&apos; when the on-disk file predates the lb_strategy field" classname="getStrategy / getStrategySource" time="0.001149" file="packages/config/src/strategy-source.test.ts" line="63" assertions="2" />
      <testcase name="honors a valid env override" classname="getStrategy / getStrategySource" time="0.000938" file="packages/config/src/strategy-source.test.ts" line="73" assertions="2" />
      <testcase name="falls back to the default for an invalid env value when the file predates lb_strategy" classname="getStrategy / getStrategySource" time="0.001024" file="packages/config/src/strategy-source.test.ts" line="84" assertions="2" />
      <testcase name="falls back to the file value when an invalid env value is set and a file value exists" classname="getStrategy / getStrategySource" time="0.001367" file="packages/config/src/strategy-source.test.ts" line="95" assertions="2" />
      <testcase name="honors a config-file override set via setStrategy" classname="getStrategy / getStrategySource" time="0.00098" file="packages/config/src/strategy-source.test.ts" line="107" assertions="2" />
[...]
      <testcase name="returns non-zero cost for unknown model using default pricing" classname="extractUsageInfo" time="0.000203" file="packages/providers/src/providers/openai/__tests__/process-response.test.ts" line="504" assertions="2" />
      <testcase name="returns null for streaming (SSE) responses" classname="extractUsageInfo" time="0.000671" file="packages/providers/src/providers/openai/__tests__/process-response.test.ts" line="524" assertions="1" />
    </testsuite>
  </testsuite>
  <testsuite name="packages/dashboard-web/src/components/usage-history/__tests__/tab-helpers.test.ts" file="packages/dashboard-web/src/components/usage-history/__tests__/tab-helpers.test.ts" tests="13" assertions="20" failures="0" skipped="0" time="0" hostname="Vals-Mac-Pro-3.local">
    <testsuite name="pickDefaultAccount" file="packages/dashboard-web/src/components/usage-history/__tests__/tab-helpers.test.ts" line="18" tests="5" assertions="5" failures="0" skipped="0" time="0" hostname="Vals-Mac-Pro-3.local">
      <testcase name="returns the first non-paused account&apos;s id" classname="pickDefaultAccount" time="0.000153" file="packages/dashboard-web/src/components/usage-history/__tests__/tab-helpers.test.ts" line="19" assertions="1" />
      <testcase name="falls back to the first account&apos;s id when all are paused" classname="pickDefaultAccount" time="0.000035" file="packages/dashboard-web/src/components/usage-history/__tests__/tab-helpers.test.ts" line="28" assertions="1" />
      <testcase name="returns undefined for an empty array" classname="pickDefaultAccount" time="0.00002" file="packages/dashboard-web/src/components/usage-history/__tests__/tab-helpers.test.ts" line="33" assertions="1" />
      <testcase name="returns undefined when accounts is undefined" classname="pickDefaultAccount" time="0.00002" file="packages/dashboard-web/src/components/usage-history/__tests__/tab-helpers.test.ts" line="37" assertions="1" />
      <testcase name="treats numeric paused (1/0) truthiness correctly" classname="pickDefaultAccount" time="0.000027" file="packages/dashboard-web/src/components/usage-history/__tests__/tab-helpers.test.ts" line="41" assertions="1" />
    </testsuite>
    <testsuite name="sortAccountsActiveFirst" file="packages/dashboard-web/src/components/usage-history/__tests__/tab-helpers.test.ts" line="47" tests="3" assertions="4" failures="0" skipped="0" time="0" hostname="Vals-Mac-Pro-3.local">
      <testcase name="puts active accounts before paused ones" classname="sortAccountsActiveFirst" time="0.000116" file="packages/dashboard-web/src/components/usage-history/__tests__/tab-helpers.test.ts" line="48" assertions="1" />
      <testcase name="does not mutate the input array" classname="sortAccountsActiveFirst" time="0.00007" file="packages/dashboard-web/src/components/usage-history/__tests__/tab-helpers.test.ts" line="63" assertions="2" />
      <testcase name="is stable within groups (paused keep relative order)" classname="sortAccountsActiveFirst" time="0.000052" file="packages/dashboard-web/src/components/usage-history/__tests__/tab-helpers.test.ts" line="71" assertions="1" />
    </testsuite>
    <testsuite name="rangeToMs" file="packages/dashboard-web/src/components/usage-history/__tests__/tab-helpers.test.ts" line="85" tests="2" assertions="8" failures="0" skipped="0" time="0" hostname="Vals-Mac-Pro-3.local">
      <testcase name="maps each known range to its millisecond span" classname="rangeToMs" time="0.000071" file="packages/dashboard-web/src/components/usage-history/__tests__/tab-helpers.test.ts" line="86" assertions="5" />
      <testcase name="falls back to 24h for an unknown range (mirrors the endpoint)" classname="rangeToMs" time="0.000034" file="packages/dashboard-web/src/components/usage-history/__tests__/tab-helpers.test.ts" line="94" assertions="3" />
    </testsuite>
    <testsuite name="usageEmptyStateMessage" file="packages/dashboard-web/src/components/usage-history/__tests__/tab-helpers.test.ts" line="101" tests="3" assertions="3" failures="0" skipped="0" time="0" hostname="Vals-Mac-Pro-3.local">
      <testcase name="prompts to select an account when none is given" classname="usageEmptyStateMessage" time="0.000034" file="packages/dashboard-web/src/components/usage-history/__tests__/tab-helpers.test.ts" line="102" assertions="1" />
      <testcase name="explains paused accounts are not polled" classname="usageEmptyStateMessage" time="0.000023" file="packages/dashboard-web/src/components/usage-history/__tests__/tab-helpers.test.ts" line="106" assertions="1" />
      <testcase name="shows the collecting message for an active account" classname="usageEmptyStateMessage" time="0.000021" file="packages/dashboard-web/src/components/usage-history/__tests__/tab-helpers.test.ts" line="110" assertions="1" />
    </testsuite>
  </testsuite>
  <testsuite name="packages/dashboard-web/src/components/usage-history/__tests__/chart-data.test.ts" file="packages/dashboard-web/src/components/usage-history/__tests__/chart-data.test.ts" tests="18" assertions="38" failures="0" skipped="0" time="0" hostname="Vals-Mac-Pro-3.local">
    <testsuite name="buildUsageChartData" file="packages/dashboard-web/src/components/usage-history/__tests__/chart-data.test.ts" line="67" tests="5" assertions="21" failures="0" skipped="0" time="0" hostname="Vals-Mac-Pro-3.local">
      <testcase name="merges actual + prediction segments into one dataset" classname="buildUsageChartData" time="0.000852" file="packages/dashboard-web/src/components/usage-history/__tests__/chart-data.test.ts" line="68" assertions="9" />
      <testcase name="caps the forecast at the reset when the ETA is beyond it" classname="buildUsageChartData" time="0.000188" file="packages/dashboard-web/src/components/usage-history/__tests__/chart-data.test.ts" line="93" assertions="3" />
      <testcase name="caps a rising window&apos;s forecast at the nearest reset across windows" classname="buildUsageChartData" time="0.000316" file="packages/dashboard-web/src/components/usage-history/__tests__/chart-data.test.ts" line="120" assertions="5" />
      <testcase name="leaves a single rising window&apos;s forecast endpoint at its own reset/ETA" classname="buildUsageChartData" time="0.000228" file="packages/dashboard-web/src/components/usage-history/__tests__/chart-data.test.ts" line="166" assertions="3" />
      <testcase name="threads horizonMs into markers — a far reset is dropped" classname="buildUsageChartData" time="0.000069" file="packages/dashboard-web/src/components/usage-history/__tests__/chart-data.test.ts" line="192" assertions="1" />
    </testsuite>
    <testsuite name="resetMarkers" file="packages/dashboard-web/src/components/usage-history/__tests__/chart-data.test.ts" line="213" tests="6" assertions="7" failures="0" skipped="0" time="0" hostname="Vals-Mac-Pro-3.local">
      <testcase name="returns a single marker at the nearest upcoming reset" classname="resetMarkers" time="0.000052" file="packages/dashboard-web/src/components/usage-history/__tests__/chart-data.test.ts" line="214" assertions="1" />
      <testcase name="returns [] when now is after every reset" classname="resetMarkers" time="0.000024" file="packages/dashboard-web/src/components/usage-history/__tests__/chart-data.test.ts" line="221" assertions="1" />
      <testcase name="keeps a reset that is within the forward horizon" classname="resetMarkers" time="0.000064" file="packages/dashboard-web/src/components/usage-history/__tests__/chart-data.test.ts" line="225" assertions="1" />
      <testcase name="drops a reset that is beyond the forward horizon" classname="resetMarkers" time="0.000048" file="packages/dashboard-web/src/components/usage-history/__tests__/chart-data.test.ts" line="245" assertions="1" />
      <testcase name="picks the earliest reset within the horizon, ignoring farther ones beyond it" classname="resetMarkers" time="0.000073" file="packages/dashboard-web/src/components/usage-history/__tests__/chart-data.test.ts" line="265" assertions="1" />
      <testcase name="picks the earliest future reset across multiple windows, skipping past ones" classname="resetMarkers" time="0.000105" file="packages/dashboard-web/src/components/usage-history/__tests__/chart-data.test.ts" line="298" assertions="2" />
    </testsuite>
    <testsuite name="formatPredictionAnnotation" file="packages/dashboard-web/src/components/usage-history/__tests__/chart-data.test.ts" line="338" tests="7" assertions="10" failures="0" skipped="0" time="0" hostname="Vals-Mac-Pro-3.local">
      <testcase name="summarizes a rising window that will exhaust before reset" classname="formatPredictionAnnotation" time="0.000261" file="packages/dashboard-web/src/components/usage-history/__tests__/chart-data.test.ts" line="339" assertions="2" />
      <testcase name="says stable for a stable window" classname="formatPredictionAnnotation" time="0.000082" file="packages/dashboard-web/src/components/usage-history/__tests__/chart-data.test.ts" line="344" assertions="1" />
      <testcase name="never claims safe for a rising window with no known reset" classname="formatPredictionAnnotation" time="0.000157" file="packages/dashboard-web/src/components/usage-history/__tests__/chart-data.test.ts" line="352" assertions="3" />
      <testcase name="says collecting for insufficient_data" classname="formatPredictionAnnotation" time="0.000055" file="packages/dashboard-web/src/components/usage-history/__tests__/chart-data.test.ts" line="370" assertions="1" />
      <testcase name="says at limit for an exhausted window" classname="formatPredictionAnnotation" time="0.000051" file="packages/dashboard-web/src/components/usage-history/__tests__/chart-data.test.ts" line="386" assertions="1" />
      <testcase name="flags low confidence for a rising low-confidence window" classname="formatPredictionAnnotation" time="0.00004" file="packages/dashboard-web/src/components/usage-history/__tests__/chart-data.test.ts" line="402" assertions="1" />
      <testcase name="says safe until reset for a rising window with a known reset" classname="formatPredictionAnnotation" time="0.000046" file="packages/dashboard-web/src/components/usage-history/__tests__/chart-data.test.ts" line="420" assertions="1" />
    </testsuite>
  </testsuite>
  <testsuite name="packages/dashboard-web/src/components/overview/__tests__/account-cost-table-utils.test.ts" file="packages/dashboard-web/src/components/overview/__tests__/account-cost-table-utils.test.ts" tests="9" assertions="18" failures="0" skipped="0" time="0" hostname="Vals-Mac-Pro-3.local">
    <testsuite name="account-cost-table-utils" file="packages/dashboard-web/src/components/overview/__tests__/account-cost-table-utils.test.ts" line="15" tests="9" assertions="18" failures="0" skipped="0" time="0" hostname="Vals-Mac-Pro-3.local">
      <testsuite name="getSortedAccountCostRows" file="packages/dashboard-web/src/components/overview/__tests__/account-cost-table-utils.test.ts" line="16" tests="4" assertions="9" failures="0" skipped="0" time="0" hostname="Vals-Mac-Pro-3.local">
        <testcase name="should sort rows by totalCostUsd in descending order" classname="getSortedAccountCostRows &amp;gt; account-cost-table-utils" time="0.00015" file="packages/dashboard-web/src/components/overview/__tests__/account-cost-table-utils.test.ts" line="17" assertions="4" />
        <testcase name="should return empty array for empty input" classname="getSortedAccountCostRows &amp;gt; account-cost-table-utils" time="0.000042" file="packages/dashboard-web/src/components/overview/__tests__/account-cost-table-utils.test.ts" line="41" assertions="1" />
        <testcase name="should not mutate the original array" classname="getSortedAccountCostRows &amp;gt; account-cost-table-utils" time="0.000094" file="packages/dashboard-web/src/components/overview/__tests__/account-cost-table-utils.test.ts" line="47" assertions="1" />
        <testcase name="should preserve relative order for rows with equal totalCostUsd (stable sort)" classname="getSortedAccountCostRows &amp;gt; account-cost-table-utils" time="0.000052" file="packages/dashboard-web/src/components/overview/__tests__/account-cost-table-utils.test.ts" line="69" assertions="3" />
      </testsuite>
      <testsuite name="getAccountCostTotals" file="packages/dashboard-web/src/components/overview/__tests__/account-cost-table-utils.test.ts" line="100" tests="2" assertions="6" failures="0" skipped="0" time="0" hostname="Vals-Mac-Pro-3.local">
        <testcase name="should sum planCostUsd, apiCostUsd, and totalCostUsd across all rows" classname="getAccountCostTotals &amp;gt; account-cost-table-utils" time="0.000092" file="packages/dashboard-web/src/components/overview/__tests__/account-cost-table-utils.test.ts" line="101" assertions="3" />
        <testcase name="should return zero totals for empty array" classname="getAccountCostTotals &amp;gt; account-cost-table-utils" time="0.00003" file="packages/dashboard-web/src/components/overview/__tests__/account-cost-table-utils.test.ts" line="124" assertions="3" />
      </testsuite>
      <testsuite name="hasAnyAccountCostData" file="packages/dashboard-web/src/components/overview/__tests__/account-cost-table-utils.test.ts" line="133" tests="3" assertions="3" failures="0" skipped="0" time="0" hostname="Vals-Mac-Pro-3.local">
        <testcase name="should return false when all totalCostUsd values are zero" classname="hasAnyAccountCostData &amp;gt; account-cost-table-utils" time="0.00006" file="packages/dashboard-web/src/components/overview/__tests__/account-cost-table-utils.test.ts" line="134" assertions="1" />
        <testcase name="should return true when any totalCostUsd value is non-zero" classname="hasAnyAccountCostData &amp;gt; account-cost-table-utils" time="0.000029" file="packages/dashboard-web/src/components/overview/__tests__/account-cost-table-utils.test.ts" line="149" assertions="1" />
        <testcase name="should return false for empty array" classname="hasAnyAccountCostData &amp;gt; account-cost-table-utils" time="0.000021" file="packages/dashboard-web/src/components/overview/__tests__/account-cost-table-utils.test.ts" line="164" assertions="1" />
      </testsuite>
    </testsuite>
  </testsuite>
  <testsuite name="packages/dashboard-web/src/components/overview/system-status/__tests__/errorCodeMeta.test.ts" file="packages/dashboard-web/src/components/overview/system-status/__tests__/errorCodeMeta.test.ts" tests="9" assertions="26" failures="0" skipped="0" time="0" hostname="Vals-Mac-Pro-3.local">
    <testsuite name="getErrorMeta" file="packages/dashboard-web/src/components/overview/system-status/__tests__/errorCodeMeta.test.ts" line="4" tests="9" assertions="26" failures="0" skipped="0" time="0" hostname="Vals-Mac-Pro-3.local">
      <testcase name="unknown code returns fallback meta with the code as title" classname="getErrorMeta" time="0.000095" file="packages/dashboard-web/src/components/overview/system-status/__tests__/errorCodeMeta.test.ts" line="5" assertions="2" />
      <testcase name="model_fallback_429 with no context defaults to a warning that points at Model Mappings" classname="getErrorMeta" time="0.000097" file="packages/dashboard-web/src/components/overview/system-status/__tests__/errorCodeMeta.test.ts" line="11" assertions="2" />
      <testcase name="model_fallback_429 with anthropic provider replaces the suggestion with the OAuth-friendly copy" classname="getErrorMeta" time="0.000032" file="packages/dashboard-web/src/components/overview/system-status/__tests__/errorCodeMeta.test.ts" line="17" assertions="1" />
      <testcase name="model_fallback_429 with anthropic provider and no other accounts upgrades severity and prefixes description" classname="getErrorMeta" time="0.000156" file="packages/dashboard-web/src/components/overview/system-status/__tests__/errorCodeMeta.test.ts" line="22" assertions="2" />
      <testcase name="model_fallback_429 with multi-model provider keeps default suggestion and warning severity" classname="getErrorMeta" time="0.000041" file="packages/dashboard-web/src/components/overview/system-status/__tests__/errorCodeMeta.test.ts" line="33" assertions="2" />
      <testcase name="upstream_429_with_reset entry stays unchanged" classname="getErrorMeta" time="0.000029" file="packages/dashboard-web/src/components/overview/system-status/__tests__/errorCodeMeta.test.ts" line="42" assertions="2" />
      <testcase name="upstream_529_overloaded_with_reset returns provider overload warning" classname="getErrorMeta" time="0.000041" file="packages/dashboard-web/src/components/overview/system-status/__tests__/errorCodeMeta.test.ts" line="48" assertions="5" />
      <testcase name="upstream_529_overloaded_no_reset returns provider overload (no Retry-After) warning" classname="getErrorMeta" time="0.000046" file="packages/dashboard-web/src/components/overview/system-status/__tests__/errorCodeMeta.test.ts" line="62" assertions="6" />
      <testcase name="out_of_credits surfaces model-scoped credit depletion as an error" classname="getErrorMeta" time="0.000038" file="packages/dashboard-web/src/components/overview/system-status/__tests__/errorCodeMeta.test.ts" line="81" assertions="4" />
    </testsuite>
  </testsuite>
  <testsuite name="packages/dashboard-web/src/components/overview/system-status/__tests__/otherAccountsAvailable.test.ts" file="packages/dashboard-web/src/components/overview/system-status/__tests__/otherAccountsAvailable.test.ts" tests="8" assertions="8" failures="0" skipped="0" time="0" hostname="Vals-Mac-Pro-3.local">
    <testsuite name="otherAccountsAvailable" file="packages/dashboard-web/src/components/overview/system-status/__tests__/otherAccountsAvailable.test.ts" line="12" tests="8" assertions="8" failures="0" skipped="0" time="0" hostname="Vals-Mac-Pro-3.local">
      <testcase name="returns true when a healthy other account exists" classname="otherAccountsAvailable" time="0.000293" file="packages/dashboard-web/src/components/overview/system-status/__tests__/otherAccountsAvailable.test.ts" line="13" assertions="1" />
      <testcase name="excludes the error&apos;s own account" classname="otherAccountsAvailable" time="0.000044" file="packages/dashboard-web/src/components/overview/system-status/__tests__/otherAccountsAvailable.test.ts" line="21" assertions="1" />
      <testcase name="excludes paused accounts" classname="otherAccountsAvailable" time="0.000041" file="packages/dashboard-web/src/components/overview/system-status/__tests__/otherAccountsAvailable.test.ts" line="26" assertions="1" />
      <testcase name="excludes accounts whose rateLimitedUntil is in the future" classname="otherAccountsAvailable" time="0.000046" file="packages/dashboard-web/src/components/overview/system-status/__tests__/otherAccountsAvailable.test.ts" line="34" assertions="1" />
      <testcase name="counts accounts whose rateLimitedUntil has already elapsed" classname="otherAccountsAvailable" time="0.000033" file="packages/dashboard-web/src/components/overview/system-status/__tests__/otherAccountsAvailable.test.ts" line="43" assertions="1" />
      <testcase name="treats null rateLimitedUntil as available" classname="otherAccountsAvailable" time="0.000028" file="packages/dashboard-web/src/components/overview/system-status/__tests__/otherAccountsAvailable.test.ts" line="52" assertions="1" />
      <testcase name="handles undefined accounts list as no available" classname="otherAccountsAvailable" time="0.000022" file="packages/dashboard-web/src/components/overview/system-status/__tests__/otherAccountsAvailable.test.ts" line="60" assertions="1" />
      <testcase name="returns false when only paused and rate-limited accounts exist" classname="otherAccountsAvailable" time="0.000039" file="packages/dashboard-web/src/components/overview/system-status/__tests__/otherAccountsAvailable.test.ts" line="64" assertions="1" />
    </testsuite>
  </testsuite>
</testsuites>
